<?xml version="1.0" encoding="UTF-8"?>
<testsuite name="com.service.PostServiceTest" tests="1" skipped="0" failures="0" errors="0" timestamp="2024-01-30T11:08:51" hostname="MacBook-Pro-2.local" time="1.006">
  <properties/>
  <testcase name="getPost()" classname="com.service.PostServiceTest" time="1.006"/>
  <system-out><![CDATA[20:08:40.701 [Test worker] INFO org.springframework.test.context.support.AnnotationConfigContextLoaderUtils -- Could not detect default configuration classes for test class [com.service.PostServiceTest]: PostServiceTest does not declare any static, non-private, non-final, nested classes annotated with @Configuration.
20:08:40.926 [Test worker] INFO org.springframework.boot.test.context.SpringBootTestContextBootstrapper -- Found @SpringBootConfiguration com.MauBackendApplication for test class com.service.PostServiceTest

  .   ____          _            __ _ _
 /\\ / ___'_ __ _ _(_)_ __  __ _ \ \ \ \
( ( )\___ | '_ | '_| | '_ \/ _` | \ \ \ \
 \\/  ___)| |_)| | | | | || (_| |  ) ) ) )
  '  |____| .__|_| |_|_| |_\__, | / / / /
 =========|_|==============|___/=/_/_/_/
 :: Spring Boot ::                (v3.2.2)

2024-01-30T20:08:42.158+09:00  INFO 32994 --- [    Test worker] com.service.PostServiceTest              : Starting PostServiceTest using Java 17.0.1 with PID 32994 (started by leegangju in /Users/leegangju/Downloads/mauBackend)
2024-01-30T20:08:42.161+09:00  INFO 32994 --- [    Test worker] com.service.PostServiceTest              : No active profile set, falling back to 1 default profile: "default"
2024-01-30T20:08:44.757+09:00  INFO 32994 --- [    Test worker] .s.d.r.c.RepositoryConfigurationDelegate : Bootstrapping Spring Data JPA repositories in DEFAULT mode.
2024-01-30T20:08:45.313+09:00  INFO 32994 --- [    Test worker] .s.d.r.c.RepositoryConfigurationDelegate : Finished Spring Data repository scanning in 546 ms. Found 2 JPA repository interfaces.
2024-01-30T20:08:46.541+09:00  INFO 32994 --- [    Test worker] o.hibernate.jpa.internal.util.LogHelper  : HHH000204: Processing PersistenceUnitInfo [name: default]
2024-01-30T20:08:46.590+09:00  INFO 32994 --- [    Test worker] org.hibernate.Version                    : HHH000412: Hibernate ORM core version 6.4.1.Final
2024-01-30T20:08:46.621+09:00  INFO 32994 --- [    Test worker] o.h.c.internal.RegionFactoryInitiator    : HHH000026: Second-level cache disabled
2024-01-30T20:08:46.999+09:00  INFO 32994 --- [    Test worker] o.s.o.j.p.SpringPersistenceUnitInfo      : No LoadTimeWeaver setup: ignoring JPA class transformer
2024-01-30T20:08:47.045+09:00  INFO 32994 --- [    Test worker] com.zaxxer.hikari.HikariDataSource       : HikariPool-1 - Starting...
2024-01-30T20:08:47.717+09:00  INFO 32994 --- [    Test worker] com.zaxxer.hikari.pool.HikariPool        : HikariPool-1 - Added connection com.mysql.cj.jdbc.ConnectionImpl@28b4b10e
2024-01-30T20:08:47.721+09:00  INFO 32994 --- [    Test worker] com.zaxxer.hikari.HikariDataSource       : HikariPool-1 - Start completed.
2024-01-30T20:08:49.062+09:00  INFO 32994 --- [    Test worker] o.h.e.t.j.p.i.JtaPlatformInitiator       : HHH000489: No JTA platform available (set 'hibernate.transaction.jta.platform' to enable JTA platform integration)
2024-01-30T20:08:49.136+09:00  INFO 32994 --- [    Test worker] j.LocalContainerEntityManagerFactoryBean : Initialized JPA EntityManagerFactory for persistence unit 'default'
2024-01-30T20:08:49.445+09:00  WARN 32994 --- [    Test worker] JpaBaseConfiguration$JpaWebConfiguration : spring.jpa.open-in-view is enabled by default. Therefore, database queries may be performed during view rendering. Explicitly configure spring.jpa.open-in-view to disable this warning
2024-01-30T20:08:50.116+09:00  INFO 32994 --- [    Test worker] o.s.b.a.w.s.WelcomePageHandlerMapping    : Adding welcome page template: index
2024-01-30T20:08:51.552+09:00  INFO 32994 --- [    Test worker] com.service.PostServiceTest              : Started PostServiceTest in 10.143 seconds (process running for 12.641)
2024-01-30T20:08:52.425+09:00 DEBUG 32994 --- [    Test worker] org.hibernate.SQL                        : 
    insert 
    into
        posts
        (author, content, member_id, title) 
    values
        (?, ?, ?, ?)
Hibernate: 
    insert 
    into
        posts
        (author, content, member_id, title) 
    values
        (?, ?, ?, ?)
2024-01-30T20:08:52.531+09:00 DEBUG 32994 --- [    Test worker] org.hibernate.SQL                        : 
    select
        p1_0.id,
        p1_0.author,
        p1_0.content,
        m1_0.id,
        m1_0.password,
        m1_0.username,
        p1_0.title 
    from
        posts p1_0 
    left join
        member m1_0 
            on m1_0.id=p1_0.member_id 
    where
        p1_0.id=?
Hibernate: 
    select
        p1_0.id,
        p1_0.author,
        p1_0.content,
        m1_0.id,
        m1_0.password,
        m1_0.username,
        p1_0.title 
    from
        posts p1_0 
    left join
        member m1_0 
            on m1_0.id=p1_0.member_id 
    where
        p1_0.id=?
]]></system-out>
  <system-err><![CDATA[]]></system-err>
</testsuite>
